<?xml version="1.0" encoding="UTF-8" standalone="no"?>
<!DOCTYPE report PUBLIC "-//JACOCO//DTD Report 1.1//EN" "report.dtd"[]>
<report name="Pester (10/25/2024 21:38:22)">
  <sessioninfo id="this" start="1729892299137" dump="1729892302881" />
  <package name="AxcientAPI">
    <class name="AxcientAPI/AxcientAPI" sourcefilename="AxcientAPI.psm1">
      <method name="Find-ObjectIdByReference" desc="()" line="40">
        <counter type="INSTRUCTION" missed="0" covered="22" />
        <counter type="LINE" missed="0" covered="18" />
        <counter type="METHOD" missed="0" covered="1" />
      </method>
      <method name="Invoke-AxcientAPI" desc="()" line="82">
        <counter type="INSTRUCTION" missed="14" covered="40" />
        <counter type="LINE" missed="9" covered="25" />
        <counter type="METHOD" missed="0" covered="1" />
      </method>
      <method name="Get-Appliance" desc="()" line="186">
        <counter type="INSTRUCTION" missed="0" covered="27" />
        <counter type="LINE" missed="0" covered="24" />
        <counter type="METHOD" missed="0" covered="1" />
      </method>
      <method name="Get-BackupJob" desc="()" line="284">
        <counter type="INSTRUCTION" missed="10" covered="26" />
        <counter type="LINE" missed="9" covered="23" />
        <counter type="METHOD" missed="0" covered="1" />
      </method>
      <method name="Get-BackupJobHistory" desc="()" line="375">
        <counter type="INSTRUCTION" missed="0" covered="19" />
        <counter type="LINE" missed="0" covered="17" />
        <counter type="METHOD" missed="0" covered="1" />
      </method>
      <method name="Get-Client" desc="()" line="456">
        <counter type="INSTRUCTION" missed="2" covered="16" />
        <counter type="LINE" missed="0" covered="12" />
        <counter type="METHOD" missed="0" covered="1" />
      </method>
      <method name="Get-D2CAgentToken" desc="()" line="490">
        <counter type="INSTRUCTION" missed="0" covered="15" />
        <counter type="LINE" missed="0" covered="14" />
        <counter type="METHOD" missed="0" covered="1" />
      </method>
      <method name="Get-Device" desc="()" line="573">
        <counter type="INSTRUCTION" missed="4" covered="18" />
        <counter type="LINE" missed="2" covered="14" />
        <counter type="METHOD" missed="0" covered="1" />
      </method>
      <method name="Get-DeviceAutoVerify" desc="()" line="641">
        <counter type="INSTRUCTION" missed="0" covered="9" />
        <counter type="LINE" missed="0" covered="7" />
        <counter type="METHOD" missed="0" covered="1" />
      </method>
      <method name="Get-DeviceRestorePoint" desc="()" line="682">
        <counter type="INSTRUCTION" missed="0" covered="9" />
        <counter type="LINE" missed="0" covered="7" />
        <counter type="METHOD" missed="0" covered="1" />
      </method>
      <method name="Get-Organization" desc="()" line="721">
        <counter type="INSTRUCTION" missed="0" covered="2" />
        <counter type="LINE" missed="0" covered="1" />
        <counter type="METHOD" missed="0" covered="1" />
      </method>
      <method name="Get-Vault" desc="()" line="774">
        <counter type="INSTRUCTION" missed="0" covered="23" />
        <counter type="LINE" missed="0" covered="19" />
        <counter type="METHOD" missed="0" covered="1" />
      </method>
      <method name="Initialize-AxcientAPI" desc="()" line="869">
        <counter type="INSTRUCTION" missed="0" covered="6" />
        <counter type="LINE" missed="0" covered="4" />
        <counter type="METHOD" missed="0" covered="1" />
      </method>
      <counter type="INSTRUCTION" missed="30" covered="232" />
      <counter type="LINE" missed="20" covered="185" />
      <counter type="METHOD" missed="0" covered="13" />
      <counter type="CLASS" missed="0" covered="1" />
    </class>
    <sourcefile name="AxcientAPI.psm1">
      <line nr="40" mi="0" ci="1" mb="0" cb="0" />
      <line nr="41" mi="0" ci="1" mb="0" cb="0" />
      <line nr="42" mi="0" ci="2" mb="0" cb="0" />
      <line nr="43" mi="0" ci="1" mb="0" cb="0" />
      <line nr="44" mi="0" ci="1" mb="0" cb="0" />
      <line nr="45" mi="0" ci="1" mb="0" cb="0" />
      <line nr="48" mi="0" ci="2" mb="0" cb="0" />
      <line nr="49" mi="0" ci="1" mb="0" cb="0" />
      <line nr="52" mi="0" ci="2" mb="0" cb="0" />
      <line nr="53" mi="0" ci="2" mb="0" cb="0" />
      <line nr="54" mi="0" ci="1" mb="0" cb="0" />
      <line nr="55" mi="0" ci="1" mb="0" cb="0" />
      <line nr="56" mi="0" ci="1" mb="0" cb="0" />
      <line nr="57" mi="0" ci="1" mb="0" cb="0" />
      <line nr="60" mi="0" ci="1" mb="0" cb="0" />
      <line nr="61" mi="0" ci="1" mb="0" cb="0" />
      <line nr="65" mi="0" ci="1" mb="0" cb="0" />
      <line nr="66" mi="0" ci="1" mb="0" cb="0" />
      <line nr="82" mi="0" ci="1" mb="0" cb="0" />
      <line nr="83" mi="0" ci="1" mb="0" cb="0" />
      <line nr="84" mi="0" ci="3" mb="0" cb="0" />
      <line nr="85" mi="0" ci="5" mb="0" cb="0" />
      <line nr="86" mi="0" ci="1" mb="0" cb="0" />
      <line nr="88" mi="0" ci="1" mb="0" cb="0" />
      <line nr="89" mi="2" ci="0" mb="0" cb="0" />
      <line nr="90" mi="2" ci="0" mb="0" cb="0" />
      <line nr="92" mi="2" ci="2" mb="0" cb="0" />
      <line nr="94" mi="0" ci="2" mb="0" cb="0" />
      <line nr="95" mi="0" ci="1" mb="0" cb="0" />
      <line nr="100" mi="0" ci="1" mb="0" cb="0" />
      <line nr="101" mi="1" ci="0" mb="0" cb="0" />
      <line nr="102" mi="2" ci="0" mb="0" cb="0" />
      <line nr="103" mi="1" ci="0" mb="0" cb="0" />
      <line nr="106" mi="0" ci="1" mb="0" cb="0" />
      <line nr="107" mi="1" ci="0" mb="0" cb="0" />
      <line nr="110" mi="0" ci="1" mb="0" cb="0" />
      <line nr="111" mi="1" ci="0" mb="0" cb="0" />
      <line nr="115" mi="0" ci="1" mb="0" cb="0" />
      <line nr="116" mi="1" ci="0" mb="0" cb="0" />
      <line nr="117" mi="1" ci="0" mb="0" cb="0" />
      <line nr="118" mi="0" ci="1" mb="0" cb="0" />
      <line nr="119" mi="0" ci="3" mb="0" cb="0" />
      <line nr="122" mi="0" ci="1" mb="0" cb="0" />
      <line nr="123" mi="0" ci="1" mb="0" cb="0" />
      <line nr="124" mi="0" ci="1" mb="0" cb="0" />
      <line nr="125" mi="0" ci="1" mb="0" cb="0" />
      <line nr="126" mi="0" ci="1" mb="0" cb="0" />
      <line nr="128" mi="0" ci="1" mb="0" cb="0" />
      <line nr="131" mi="0" ci="1" mb="0" cb="0" />
      <line nr="132" mi="0" ci="4" mb="0" cb="0" />
      <line nr="134" mi="0" ci="2" mb="0" cb="0" />
      <line nr="137" mi="0" ci="2" mb="0" cb="0" />
      <line nr="186" mi="0" ci="1" mb="0" cb="0" />
      <line nr="190" mi="0" ci="1" mb="0" cb="0" />
      <line nr="194" mi="0" ci="1" mb="0" cb="0" />
      <line nr="207" mi="0" ci="1" mb="0" cb="0" />
      <line nr="208" mi="0" ci="1" mb="0" cb="0" />
      <line nr="210" mi="0" ci="1" mb="0" cb="0" />
      <line nr="211" mi="0" ci="1" mb="0" cb="0" />
      <line nr="214" mi="0" ci="1" mb="0" cb="0" />
      <line nr="215" mi="0" ci="1" mb="0" cb="0" />
      <line nr="218" mi="0" ci="1" mb="0" cb="0" />
      <line nr="219" mi="0" ci="1" mb="0" cb="0" />
      <line nr="220" mi="0" ci="1" mb="0" cb="0" />
      <line nr="222" mi="0" ci="1" mb="0" cb="0" />
      <line nr="223" mi="0" ci="1" mb="0" cb="0" />
      <line nr="224" mi="0" ci="1" mb="0" cb="0" />
      <line nr="228" mi="0" ci="1" mb="0" cb="0" />
      <line nr="229" mi="0" ci="1" mb="0" cb="0" />
      <line nr="230" mi="0" ci="1" mb="0" cb="0" />
      <line nr="234" mi="0" ci="1" mb="0" cb="0" />
      <line nr="235" mi="0" ci="1" mb="0" cb="0" />
      <line nr="238" mi="0" ci="1" mb="0" cb="0" />
      <line nr="239" mi="0" ci="2" mb="0" cb="0" />
      <line nr="241" mi="0" ci="2" mb="0" cb="0" />
      <line nr="242" mi="0" ci="2" mb="0" cb="0" />
      <line nr="284" mi="0" ci="1" mb="0" cb="0" />
      <line nr="288" mi="0" ci="1" mb="0" cb="0" />
      <line nr="291" mi="0" ci="1" mb="0" cb="0" />
      <line nr="295" mi="0" ci="1" mb="0" cb="0" />
      <line nr="299" mi="0" ci="1" mb="0" cb="0" />
      <line nr="300" mi="0" ci="1" mb="0" cb="0" />
      <line nr="303" mi="0" ci="1" mb="0" cb="0" />
      <line nr="304" mi="0" ci="1" mb="0" cb="0" />
      <line nr="305" mi="0" ci="2" mb="0" cb="0" />
      <line nr="306" mi="0" ci="1" mb="0" cb="0" />
      <line nr="307" mi="0" ci="1" mb="0" cb="0" />
      <line nr="308" mi="0" ci="1" mb="0" cb="0" />
      <line nr="309" mi="0" ci="1" mb="0" cb="0" />
      <line nr="310" mi="0" ci="2" mb="0" cb="0" />
      <line nr="311" mi="0" ci="1" mb="0" cb="0" />
      <line nr="315" mi="0" ci="1" mb="0" cb="0" />
      <line nr="316" mi="0" ci="1" mb="0" cb="0" />
      <line nr="317" mi="0" ci="1" mb="0" cb="0" />
      <line nr="318" mi="0" ci="1" mb="0" cb="0" />
      <line nr="319" mi="0" ci="1" mb="0" cb="0" />
      <line nr="320" mi="0" ci="1" mb="0" cb="0" />
      <line nr="321" mi="0" ci="1" mb="0" cb="0" />
      <line nr="322" mi="1" ci="0" mb="0" cb="0" />
      <line nr="327" mi="1" ci="0" mb="0" cb="0" />
      <line nr="328" mi="1" ci="0" mb="0" cb="0" />
      <line nr="330" mi="1" ci="0" mb="0" cb="0" />
      <line nr="331" mi="1" ci="0" mb="0" cb="0" />
      <line nr="334" mi="1" ci="0" mb="0" cb="0" />
      <line nr="338" mi="0" ci="2" mb="0" cb="0" />
      <line nr="339" mi="2" ci="0" mb="0" cb="0" />
      <line nr="340" mi="1" ci="0" mb="0" cb="0" />
      <line nr="341" mi="1" ci="0" mb="0" cb="0" />
      <line nr="375" mi="0" ci="1" mb="0" cb="0" />
      <line nr="379" mi="0" ci="1" mb="0" cb="0" />
      <line nr="383" mi="0" ci="1" mb="0" cb="0" />
      <line nr="387" mi="0" ci="1" mb="0" cb="0" />
      <line nr="388" mi="0" ci="1" mb="0" cb="0" />
      <line nr="391" mi="0" ci="1" mb="0" cb="0" />
      <line nr="392" mi="0" ci="1" mb="0" cb="0" />
      <line nr="393" mi="0" ci="1" mb="0" cb="0" />
      <line nr="394" mi="0" ci="1" mb="0" cb="0" />
      <line nr="395" mi="0" ci="1" mb="0" cb="0" />
      <line nr="396" mi="0" ci="1" mb="0" cb="0" />
      <line nr="399" mi="0" ci="1" mb="0" cb="0" />
      <line nr="400" mi="0" ci="2" mb="0" cb="0" />
      <line nr="401" mi="0" ci="2" mb="0" cb="0" />
      <line nr="402" mi="0" ci="1" mb="0" cb="0" />
      <line nr="403" mi="0" ci="1" mb="0" cb="0" />
      <line nr="404" mi="0" ci="1" mb="0" cb="0" />
      <line nr="456" mi="0" ci="1" mb="0" cb="0" />
      <line nr="463" mi="0" ci="1" mb="0" cb="0" />
      <line nr="464" mi="0" ci="1" mb="0" cb="0" />
      <line nr="465" mi="0" ci="1" mb="0" cb="0" />
      <line nr="466" mi="0" ci="1" mb="0" cb="0" />
      <line nr="467" mi="0" ci="1" mb="0" cb="0" />
      <line nr="468" mi="0" ci="1" mb="0" cb="0" />
      <line nr="470" mi="0" ci="4" mb="0" cb="0" />
      <line nr="474" mi="0" ci="1" mb="0" cb="0" />
      <line nr="475" mi="0" ci="1" mb="0" cb="0" />
      <line nr="476" mi="0" ci="1" mb="0" cb="0" />
      <line nr="478" mi="2" ci="2" mb="0" cb="0" />
      <line nr="490" mi="0" ci="1" mb="0" cb="0" />
      <line nr="494" mi="0" ci="1" mb="0" cb="0" />
      <line nr="501" mi="0" ci="1" mb="0" cb="0" />
      <line nr="504" mi="0" ci="1" mb="0" cb="0" />
      <line nr="505" mi="0" ci="1" mb="0" cb="0" />
      <line nr="507" mi="0" ci="1" mb="0" cb="0" />
      <line nr="508" mi="0" ci="1" mb="0" cb="0" />
      <line nr="509" mi="0" ci="1" mb="0" cb="0" />
      <line nr="510" mi="0" ci="2" mb="0" cb="0" />
      <line nr="513" mi="0" ci="1" mb="0" cb="0" />
      <line nr="514" mi="0" ci="1" mb="0" cb="0" />
      <line nr="515" mi="0" ci="1" mb="0" cb="0" />
      <line nr="516" mi="0" ci="1" mb="0" cb="0" />
      <line nr="517" mi="0" ci="1" mb="0" cb="0" />
      <line nr="573" mi="0" ci="1" mb="0" cb="0" />
      <line nr="578" mi="0" ci="1" mb="0" cb="0" />
      <line nr="582" mi="0" ci="1" mb="0" cb="0" />
      <line nr="583" mi="0" ci="1" mb="0" cb="0" />
      <line nr="584" mi="0" ci="1" mb="0" cb="0" />
      <line nr="585" mi="0" ci="1" mb="0" cb="0" />
      <line nr="586" mi="0" ci="2" mb="0" cb="0" />
      <line nr="587" mi="0" ci="2" mb="0" cb="0" />
      <line nr="591" mi="0" ci="1" mb="0" cb="0" />
      <line nr="592" mi="0" ci="1" mb="0" cb="0" />
      <line nr="593" mi="0" ci="1" mb="0" cb="0" />
      <line nr="594" mi="0" ci="1" mb="0" cb="0" />
      <line nr="595" mi="0" ci="2" mb="0" cb="0" />
      <line nr="596" mi="0" ci="2" mb="0" cb="0" />
      <line nr="601" mi="2" ci="0" mb="0" cb="0" />
      <line nr="602" mi="2" ci="0" mb="0" cb="0" />
      <line nr="641" mi="0" ci="1" mb="0" cb="0" />
      <line nr="645" mi="0" ci="1" mb="0" cb="0" />
      <line nr="646" mi="0" ci="1" mb="0" cb="0" />
      <line nr="647" mi="0" ci="2" mb="0" cb="0" />
      <line nr="648" mi="0" ci="2" mb="0" cb="0" />
      <line nr="649" mi="0" ci="1" mb="0" cb="0" />
      <line nr="650" mi="0" ci="1" mb="0" cb="0" />
      <line nr="682" mi="0" ci="1" mb="0" cb="0" />
      <line nr="686" mi="0" ci="1" mb="0" cb="0" />
      <line nr="687" mi="0" ci="1" mb="0" cb="0" />
      <line nr="688" mi="0" ci="2" mb="0" cb="0" />
      <line nr="689" mi="0" ci="2" mb="0" cb="0" />
      <line nr="690" mi="0" ci="1" mb="0" cb="0" />
      <line nr="691" mi="0" ci="1" mb="0" cb="0" />
      <line nr="721" mi="0" ci="2" mb="0" cb="0" />
      <line nr="774" mi="0" ci="1" mb="0" cb="0" />
      <line nr="797" mi="0" ci="1" mb="0" cb="0" />
      <line nr="798" mi="0" ci="1" mb="0" cb="0" />
      <line nr="799" mi="0" ci="1" mb="0" cb="0" />
      <line nr="802" mi="0" ci="1" mb="0" cb="0" />
      <line nr="803" mi="0" ci="1" mb="0" cb="0" />
      <line nr="804" mi="0" ci="1" mb="0" cb="0" />
      <line nr="806" mi="0" ci="1" mb="0" cb="0" />
      <line nr="807" mi="0" ci="1" mb="0" cb="0" />
      <line nr="809" mi="0" ci="1" mb="0" cb="0" />
      <line nr="810" mi="0" ci="1" mb="0" cb="0" />
      <line nr="812" mi="0" ci="1" mb="0" cb="0" />
      <line nr="813" mi="0" ci="1" mb="0" cb="0" />
      <line nr="815" mi="0" ci="1" mb="0" cb="0" />
      <line nr="816" mi="0" ci="1" mb="0" cb="0" />
      <line nr="818" mi="0" ci="1" mb="0" cb="0" />
      <line nr="819" mi="0" ci="2" mb="0" cb="0" />
      <line nr="822" mi="0" ci="1" mb="0" cb="0" />
      <line nr="825" mi="0" ci="4" mb="0" cb="0" />
      <line nr="869" mi="0" ci="1" mb="0" cb="0" />
      <line nr="870" mi="0" ci="1" mb="0" cb="0" />
      <line nr="871" mi="0" ci="1" mb="0" cb="0" />
      <line nr="872" mi="0" ci="3" mb="0" cb="0" />
      <counter type="INSTRUCTION" missed="30" covered="232" />
      <counter type="LINE" missed="20" covered="185" />
      <counter type="METHOD" missed="0" covered="13" />
      <counter type="CLASS" missed="0" covered="1" />
    </sourcefile>
    <counter type="INSTRUCTION" missed="30" covered="232" />
    <counter type="LINE" missed="20" covered="185" />
    <counter type="METHOD" missed="0" covered="13" />
    <counter type="CLASS" missed="0" covered="1" />
  </package>
  <counter type="INSTRUCTION" missed="30" covered="232" />
  <counter type="LINE" missed="20" covered="185" />
  <counter type="METHOD" missed="0" covered="13" />
  <counter type="CLASS" missed="0" covered="1" />
</report>
