<?xml version="1.0" encoding="UTF-8" standalone="no"?>
<!DOCTYPE report PUBLIC "-//JACOCO//DTD Report 1.1//EN" "report.dtd"[]>
<report name="Pester (09/25/2024 16:23:03)">
  <sessioninfo id="this" start="1727281372380" dump="1727281383302" />
  <package name="AxcientAPI">
    <class name="AxcientAPI/AxcientAPI" sourcefilename="AxcientAPI.psm1">
      <method name="Find-ObjectIdByReference" desc="()" line="40">
        <counter type="INSTRUCTION" missed="0" covered="22" />
        <counter type="LINE" missed="0" covered="18" />
        <counter type="METHOD" missed="0" covered="1" />
      </method>
      <method name="Invoke-AxcientAPI" desc="()" line="82">
        <counter type="INSTRUCTION" missed="14" covered="40" />
        <counter type="LINE" missed="9" covered="25" />
        <counter type="METHOD" missed="0" covered="1" />
      </method>
      <method name="Get-Appliance" desc="()" line="186">
        <counter type="INSTRUCTION" missed="0" covered="27" />
        <counter type="LINE" missed="0" covered="24" />
        <counter type="METHOD" missed="0" covered="1" />
      </method>
      <method name="Get-BackupJob" desc="()" line="284">
        <counter type="INSTRUCTION" missed="10" covered="26" />
        <counter type="LINE" missed="9" covered="23" />
        <counter type="METHOD" missed="0" covered="1" />
      </method>
      <method name="Get-BackupJobHistory" desc="()" line="377">
        <counter type="INSTRUCTION" missed="6" covered="13" />
        <counter type="LINE" missed="5" covered="12" />
        <counter type="METHOD" missed="0" covered="1" />
      </method>
      <method name="Get-Client" desc="()" line="458">
        <counter type="INSTRUCTION" missed="2" covered="16" />
        <counter type="LINE" missed="0" covered="12" />
        <counter type="METHOD" missed="0" covered="1" />
      </method>
      <method name="Get-Device" desc="()" line="533">
        <counter type="INSTRUCTION" missed="8" covered="14" />
        <counter type="LINE" missed="4" covered="12" />
        <counter type="METHOD" missed="0" covered="1" />
      </method>
      <method name="Get-DeviceAutoVerify" desc="()" line="601">
        <counter type="INSTRUCTION" missed="0" covered="9" />
        <counter type="LINE" missed="0" covered="7" />
        <counter type="METHOD" missed="0" covered="1" />
      </method>
      <method name="Get-DeviceRestorePoint" desc="()" line="642">
        <counter type="INSTRUCTION" missed="0" covered="9" />
        <counter type="LINE" missed="0" covered="7" />
        <counter type="METHOD" missed="0" covered="1" />
      </method>
      <method name="Get-Organization" desc="()" line="681">
        <counter type="INSTRUCTION" missed="0" covered="2" />
        <counter type="LINE" missed="0" covered="1" />
        <counter type="METHOD" missed="0" covered="1" />
      </method>
      <method name="Get-Vault" desc="()" line="734">
        <counter type="INSTRUCTION" missed="0" covered="23" />
        <counter type="LINE" missed="0" covered="19" />
        <counter type="METHOD" missed="0" covered="1" />
      </method>
      <method name="Initialize-AxcientAPI" desc="()" line="829">
        <counter type="INSTRUCTION" missed="0" covered="6" />
        <counter type="LINE" missed="0" covered="4" />
        <counter type="METHOD" missed="0" covered="1" />
      </method>
      <counter type="INSTRUCTION" missed="40" covered="207" />
      <counter type="LINE" missed="27" covered="164" />
      <counter type="METHOD" missed="0" covered="12" />
      <counter type="CLASS" missed="0" covered="1" />
    </class>
    <sourcefile name="AxcientAPI.psm1">
      <line nr="40" mi="0" ci="1" mb="0" cb="0" />
      <line nr="41" mi="0" ci="1" mb="0" cb="0" />
      <line nr="42" mi="0" ci="2" mb="0" cb="0" />
      <line nr="43" mi="0" ci="1" mb="0" cb="0" />
      <line nr="44" mi="0" ci="1" mb="0" cb="0" />
      <line nr="45" mi="0" ci="1" mb="0" cb="0" />
      <line nr="48" mi="0" ci="2" mb="0" cb="0" />
      <line nr="49" mi="0" ci="1" mb="0" cb="0" />
      <line nr="52" mi="0" ci="2" mb="0" cb="0" />
      <line nr="53" mi="0" ci="2" mb="0" cb="0" />
      <line nr="54" mi="0" ci="1" mb="0" cb="0" />
      <line nr="55" mi="0" ci="1" mb="0" cb="0" />
      <line nr="56" mi="0" ci="1" mb="0" cb="0" />
      <line nr="57" mi="0" ci="1" mb="0" cb="0" />
      <line nr="60" mi="0" ci="1" mb="0" cb="0" />
      <line nr="61" mi="0" ci="1" mb="0" cb="0" />
      <line nr="65" mi="0" ci="1" mb="0" cb="0" />
      <line nr="66" mi="0" ci="1" mb="0" cb="0" />
      <line nr="82" mi="0" ci="1" mb="0" cb="0" />
      <line nr="83" mi="0" ci="1" mb="0" cb="0" />
      <line nr="84" mi="0" ci="3" mb="0" cb="0" />
      <line nr="85" mi="0" ci="5" mb="0" cb="0" />
      <line nr="86" mi="0" ci="1" mb="0" cb="0" />
      <line nr="88" mi="0" ci="1" mb="0" cb="0" />
      <line nr="89" mi="2" ci="0" mb="0" cb="0" />
      <line nr="90" mi="0" ci="2" mb="0" cb="0" />
      <line nr="92" mi="2" ci="2" mb="0" cb="0" />
      <line nr="94" mi="0" ci="2" mb="0" cb="0" />
      <line nr="95" mi="0" ci="1" mb="0" cb="0" />
      <line nr="100" mi="0" ci="1" mb="0" cb="0" />
      <line nr="101" mi="1" ci="0" mb="0" cb="0" />
      <line nr="102" mi="2" ci="0" mb="0" cb="0" />
      <line nr="103" mi="1" ci="0" mb="0" cb="0" />
      <line nr="106" mi="0" ci="1" mb="0" cb="0" />
      <line nr="107" mi="1" ci="0" mb="0" cb="0" />
      <line nr="110" mi="0" ci="1" mb="0" cb="0" />
      <line nr="111" mi="1" ci="0" mb="0" cb="0" />
      <line nr="115" mi="0" ci="1" mb="0" cb="0" />
      <line nr="116" mi="1" ci="0" mb="0" cb="0" />
      <line nr="117" mi="1" ci="0" mb="0" cb="0" />
      <line nr="118" mi="0" ci="1" mb="0" cb="0" />
      <line nr="119" mi="0" ci="3" mb="0" cb="0" />
      <line nr="122" mi="0" ci="1" mb="0" cb="0" />
      <line nr="123" mi="0" ci="1" mb="0" cb="0" />
      <line nr="124" mi="0" ci="1" mb="0" cb="0" />
      <line nr="125" mi="0" ci="1" mb="0" cb="0" />
      <line nr="126" mi="0" ci="1" mb="0" cb="0" />
      <line nr="128" mi="0" ci="1" mb="0" cb="0" />
      <line nr="131" mi="0" ci="1" mb="0" cb="0" />
      <line nr="132" mi="0" ci="4" mb="0" cb="0" />
      <line nr="134" mi="0" ci="2" mb="0" cb="0" />
      <line nr="137" mi="2" ci="0" mb="0" cb="0" />
      <line nr="186" mi="0" ci="1" mb="0" cb="0" />
      <line nr="190" mi="0" ci="1" mb="0" cb="0" />
      <line nr="194" mi="0" ci="1" mb="0" cb="0" />
      <line nr="207" mi="0" ci="1" mb="0" cb="0" />
      <line nr="208" mi="0" ci="1" mb="0" cb="0" />
      <line nr="210" mi="0" ci="1" mb="0" cb="0" />
      <line nr="211" mi="0" ci="1" mb="0" cb="0" />
      <line nr="214" mi="0" ci="1" mb="0" cb="0" />
      <line nr="215" mi="0" ci="1" mb="0" cb="0" />
      <line nr="218" mi="0" ci="1" mb="0" cb="0" />
      <line nr="219" mi="0" ci="1" mb="0" cb="0" />
      <line nr="220" mi="0" ci="1" mb="0" cb="0" />
      <line nr="222" mi="0" ci="1" mb="0" cb="0" />
      <line nr="223" mi="0" ci="1" mb="0" cb="0" />
      <line nr="224" mi="0" ci="1" mb="0" cb="0" />
      <line nr="228" mi="0" ci="1" mb="0" cb="0" />
      <line nr="229" mi="0" ci="1" mb="0" cb="0" />
      <line nr="230" mi="0" ci="1" mb="0" cb="0" />
      <line nr="234" mi="0" ci="1" mb="0" cb="0" />
      <line nr="235" mi="0" ci="1" mb="0" cb="0" />
      <line nr="238" mi="0" ci="1" mb="0" cb="0" />
      <line nr="239" mi="0" ci="2" mb="0" cb="0" />
      <line nr="241" mi="0" ci="2" mb="0" cb="0" />
      <line nr="242" mi="0" ci="2" mb="0" cb="0" />
      <line nr="284" mi="0" ci="1" mb="0" cb="0" />
      <line nr="288" mi="0" ci="1" mb="0" cb="0" />
      <line nr="291" mi="0" ci="1" mb="0" cb="0" />
      <line nr="295" mi="0" ci="1" mb="0" cb="0" />
      <line nr="299" mi="0" ci="1" mb="0" cb="0" />
      <line nr="300" mi="0" ci="1" mb="0" cb="0" />
      <line nr="303" mi="0" ci="1" mb="0" cb="0" />
      <line nr="304" mi="0" ci="1" mb="0" cb="0" />
      <line nr="305" mi="0" ci="2" mb="0" cb="0" />
      <line nr="306" mi="0" ci="1" mb="0" cb="0" />
      <line nr="307" mi="0" ci="1" mb="0" cb="0" />
      <line nr="308" mi="0" ci="1" mb="0" cb="0" />
      <line nr="309" mi="0" ci="1" mb="0" cb="0" />
      <line nr="310" mi="0" ci="2" mb="0" cb="0" />
      <line nr="311" mi="0" ci="1" mb="0" cb="0" />
      <line nr="315" mi="0" ci="1" mb="0" cb="0" />
      <line nr="316" mi="0" ci="1" mb="0" cb="0" />
      <line nr="317" mi="0" ci="1" mb="0" cb="0" />
      <line nr="318" mi="0" ci="1" mb="0" cb="0" />
      <line nr="319" mi="0" ci="1" mb="0" cb="0" />
      <line nr="320" mi="0" ci="1" mb="0" cb="0" />
      <line nr="321" mi="0" ci="1" mb="0" cb="0" />
      <line nr="322" mi="1" ci="0" mb="0" cb="0" />
      <line nr="327" mi="1" ci="0" mb="0" cb="0" />
      <line nr="328" mi="1" ci="0" mb="0" cb="0" />
      <line nr="330" mi="1" ci="0" mb="0" cb="0" />
      <line nr="331" mi="1" ci="0" mb="0" cb="0" />
      <line nr="334" mi="1" ci="0" mb="0" cb="0" />
      <line nr="338" mi="0" ci="2" mb="0" cb="0" />
      <line nr="339" mi="2" ci="0" mb="0" cb="0" />
      <line nr="340" mi="1" ci="0" mb="0" cb="0" />
      <line nr="341" mi="1" ci="0" mb="0" cb="0" />
      <line nr="377" mi="0" ci="1" mb="0" cb="0" />
      <line nr="381" mi="0" ci="1" mb="0" cb="0" />
      <line nr="385" mi="0" ci="1" mb="0" cb="0" />
      <line nr="389" mi="0" ci="1" mb="0" cb="0" />
      <line nr="390" mi="0" ci="1" mb="0" cb="0" />
      <line nr="393" mi="0" ci="1" mb="0" cb="0" />
      <line nr="394" mi="0" ci="1" mb="0" cb="0" />
      <line nr="395" mi="0" ci="1" mb="0" cb="0" />
      <line nr="396" mi="0" ci="1" mb="0" cb="0" />
      <line nr="397" mi="0" ci="1" mb="0" cb="0" />
      <line nr="398" mi="1" ci="0" mb="0" cb="0" />
      <line nr="401" mi="0" ci="1" mb="0" cb="0" />
      <line nr="402" mi="0" ci="2" mb="0" cb="0" />
      <line nr="403" mi="2" ci="0" mb="0" cb="0" />
      <line nr="404" mi="1" ci="0" mb="0" cb="0" />
      <line nr="405" mi="1" ci="0" mb="0" cb="0" />
      <line nr="406" mi="1" ci="0" mb="0" cb="0" />
      <line nr="458" mi="0" ci="1" mb="0" cb="0" />
      <line nr="465" mi="0" ci="1" mb="0" cb="0" />
      <line nr="466" mi="0" ci="1" mb="0" cb="0" />
      <line nr="467" mi="0" ci="1" mb="0" cb="0" />
      <line nr="468" mi="0" ci="1" mb="0" cb="0" />
      <line nr="469" mi="0" ci="1" mb="0" cb="0" />
      <line nr="470" mi="0" ci="1" mb="0" cb="0" />
      <line nr="472" mi="0" ci="4" mb="0" cb="0" />
      <line nr="476" mi="0" ci="1" mb="0" cb="0" />
      <line nr="477" mi="0" ci="1" mb="0" cb="0" />
      <line nr="478" mi="0" ci="1" mb="0" cb="0" />
      <line nr="480" mi="2" ci="2" mb="0" cb="0" />
      <line nr="533" mi="0" ci="1" mb="0" cb="0" />
      <line nr="538" mi="0" ci="1" mb="0" cb="0" />
      <line nr="542" mi="0" ci="1" mb="0" cb="0" />
      <line nr="543" mi="0" ci="1" mb="0" cb="0" />
      <line nr="544" mi="0" ci="1" mb="0" cb="0" />
      <line nr="545" mi="0" ci="1" mb="0" cb="0" />
      <line nr="546" mi="0" ci="2" mb="0" cb="0" />
      <line nr="547" mi="2" ci="0" mb="0" cb="0" />
      <line nr="551" mi="0" ci="1" mb="0" cb="0" />
      <line nr="552" mi="0" ci="1" mb="0" cb="0" />
      <line nr="553" mi="0" ci="1" mb="0" cb="0" />
      <line nr="554" mi="0" ci="1" mb="0" cb="0" />
      <line nr="555" mi="0" ci="2" mb="0" cb="0" />
      <line nr="556" mi="2" ci="0" mb="0" cb="0" />
      <line nr="561" mi="2" ci="0" mb="0" cb="0" />
      <line nr="562" mi="2" ci="0" mb="0" cb="0" />
      <line nr="601" mi="0" ci="1" mb="0" cb="0" />
      <line nr="605" mi="0" ci="1" mb="0" cb="0" />
      <line nr="606" mi="0" ci="1" mb="0" cb="0" />
      <line nr="607" mi="0" ci="2" mb="0" cb="0" />
      <line nr="608" mi="0" ci="2" mb="0" cb="0" />
      <line nr="609" mi="0" ci="1" mb="0" cb="0" />
      <line nr="610" mi="0" ci="1" mb="0" cb="0" />
      <line nr="642" mi="0" ci="1" mb="0" cb="0" />
      <line nr="646" mi="0" ci="1" mb="0" cb="0" />
      <line nr="647" mi="0" ci="1" mb="0" cb="0" />
      <line nr="648" mi="0" ci="2" mb="0" cb="0" />
      <line nr="649" mi="0" ci="2" mb="0" cb="0" />
      <line nr="650" mi="0" ci="1" mb="0" cb="0" />
      <line nr="651" mi="0" ci="1" mb="0" cb="0" />
      <line nr="681" mi="0" ci="2" mb="0" cb="0" />
      <line nr="734" mi="0" ci="1" mb="0" cb="0" />
      <line nr="757" mi="0" ci="1" mb="0" cb="0" />
      <line nr="758" mi="0" ci="1" mb="0" cb="0" />
      <line nr="759" mi="0" ci="1" mb="0" cb="0" />
      <line nr="762" mi="0" ci="1" mb="0" cb="0" />
      <line nr="763" mi="0" ci="1" mb="0" cb="0" />
      <line nr="764" mi="0" ci="1" mb="0" cb="0" />
      <line nr="766" mi="0" ci="1" mb="0" cb="0" />
      <line nr="767" mi="0" ci="1" mb="0" cb="0" />
      <line nr="769" mi="0" ci="1" mb="0" cb="0" />
      <line nr="770" mi="0" ci="1" mb="0" cb="0" />
      <line nr="772" mi="0" ci="1" mb="0" cb="0" />
      <line nr="773" mi="0" ci="1" mb="0" cb="0" />
      <line nr="775" mi="0" ci="1" mb="0" cb="0" />
      <line nr="776" mi="0" ci="1" mb="0" cb="0" />
      <line nr="778" mi="0" ci="1" mb="0" cb="0" />
      <line nr="779" mi="0" ci="2" mb="0" cb="0" />
      <line nr="782" mi="0" ci="1" mb="0" cb="0" />
      <line nr="785" mi="0" ci="4" mb="0" cb="0" />
      <line nr="829" mi="0" ci="1" mb="0" cb="0" />
      <line nr="830" mi="0" ci="1" mb="0" cb="0" />
      <line nr="831" mi="0" ci="1" mb="0" cb="0" />
      <line nr="832" mi="0" ci="3" mb="0" cb="0" />
      <counter type="INSTRUCTION" missed="40" covered="207" />
      <counter type="LINE" missed="27" covered="164" />
      <counter type="METHOD" missed="0" covered="12" />
      <counter type="CLASS" missed="0" covered="1" />
    </sourcefile>
    <counter type="INSTRUCTION" missed="40" covered="207" />
    <counter type="LINE" missed="27" covered="164" />
    <counter type="METHOD" missed="0" covered="12" />
    <counter type="CLASS" missed="0" covered="1" />
  </package>
  <counter type="INSTRUCTION" missed="40" covered="207" />
  <counter type="LINE" missed="27" covered="164" />
  <counter type="METHOD" missed="0" covered="12" />
  <counter type="CLASS" missed="0" covered="1" />
</report>
